<?xml version="1.0" encoding="UTF-8"?>
<!-- Generated by org.testng.reporters.JUnitReportReporter -->
<testsuite skipped="0" hostname="LAPTOP-436H1A9M" name="qaportal.HomePage" tests="1" failures="0" timestamp="04 Jan 2020 06:47:48 GMT" time="9.449" errors="0">
  <testcase name="basePageNavigation" time="9.449" classname="qaportal.HomePage"/>
</testsuite> <!-- qaportal.HomePage -->
