<?xml version="1.0" encoding="UTF-8"?>
<!-- Generated by org.testng.reporters.JUnitReportReporter -->
<testsuite skipped="0" hostname="LAPTOP-436H1A9M" name="landingpage.HomePage" tests="1" failures="0" timestamp="02 Jan 2020 19:45:26 GMT" time="9.230" errors="0">
  <testcase name="basePageNavigation" time="9.230" classname="landingpage.HomePage"/>
</testsuite> <!-- landingpage.HomePage -->
